# JRE version: OpenJDK Runtime Environment (11.0.2+9) (build 11.0.2+9)
# Java VM: OpenJDK 64-Bit Server VM (11.0.2+9, mixed mode, tiered, compressed oops, g1 gc, windows-amd64)
Heap:
 garbage-first heap   total 274432K, used 136925K [0x0000000740000000, 0x0000000800000000)
  region size 1024K, 17 young (17408K), 1 survivors (1024K)
 Metaspace       used 108299K, capacity 109655K, committed 113872K, reserved 1146880K
  class space    used 14495K, capacity 15017K, committed 16512K, reserved 1048576K
GC Heap History (10 events):
Event: 18097.727 GC heap before
{Heap before GC invocations=1568 (full 66):
 garbage-first heap   total 274432K, used 181574K [0x0000000740000000, 0x0000000800000000)
  region size 1024K, 60 young (61440K), 1 survivors (1024K)
 Metaspace       used 108294K, capacity 109655K, committed 113872K, reserved 1146880K
  class space    used 14495K, capacity 15017K, committed 16512K, reserved 1048576K
}
Event: 18097.731 GC heap after
{Heap after GC invocations=1569 (full 66):
 garbage-first heap   total 274432K, used 121533K [0x0000000740000000, 0x0000000800000000)
  region size 1024K, 1 young (1024K), 1 survivors (1024K)
 Metaspace       used 108294K, capacity 109655K, committed 113872K, reserved 1146880K
  class space    used 14495K, capacity 15017K, committed 16512K, reserved 1048576K
}
Event: 18106.985 GC heap before
{Heap before GC invocations=1569 (full 66):
 garbage-first heap   total 274432K, used 181949K [0x0000000740000000, 0x0000000800000000)
  region size 1024K, 60 young (61440K), 1 survivors (1024K)
 Metaspace       used 108296K, capacity 109655K, committed 113872K, reserved 1146880K
  class space    used 14495K, capacity 15017K, committed 16512K, reserved 1048576K
}
Event: 18106.989 GC heap after
{Heap after GC invocations=1570 (full 66):
 garbage-first heap   total 274432K, used 121659K [0x0000000740000000, 0x0000000800000000)
  region size 1024K, 1 young (1024K), 1 survivors (1024K)
 Metaspace       used 108296K, capacity 109655K, committed 113872K, reserved 1146880K
  class space    used 14495K, capacity 15017K, committed 16512K, reserved 1048576K
}
Event: 18107.521 GC heap before
{Heap before GC invocations=1571 (full 66):
 garbage-first heap   total 274432K, used 182075K [0x0000000740000000, 0x0000000800000000)
  region size 1024K, 60 young (61440K), 1 survivors (1024K)
 Metaspace       used 108298K, capacity 109655K, committed 113872K, reserved 1146880K
  class space    used 14495K, capacity 15017K, committed 16512K, reserved 1048576K
}
Event: 18107.524 GC heap after
{Heap after GC invocations=1572 (full 66):
 garbage-first heap   total 274432K, used 121339K [0x0000000740000000, 0x0000000800000000)
  region size 1024K, 1 young (1024K), 1 survivors (1024K)
 Metaspace       used 108298K, capacity 109655K, committed 113872K, reserved 1146880K
  class space    used 14495K, capacity 15017K, committed 16512K, reserved 1048576K
}
Event: 18107.855 GC heap before
{Heap before GC invocations=1572 (full 66):
 garbage-first heap   total 274432K, used 181755K [0x0000000740000000, 0x0000000800000000)
  region size 1024K, 60 young (61440K), 1 survivors (1024K)
 Metaspace       used 108298K, capacity 109655K, committed 113872K, reserved 1146880K
  class space    used 14495K, capacity 15017K, committed 16512K, reserved 1048576K
}
Event: 18107.857 GC heap after
{Heap after GC invocations=1573 (full 66):
 garbage-first heap   total 274432K, used 121305K [0x0000000740000000, 0x0000000800000000)
  region size 1024K, 1 young (1024K), 1 survivors (1024K)
 Metaspace       used 108298K, capacity 109655K, committed 113872K, reserved 1146880K
  class space    used 14495K, capacity 15017K, committed 16512K, reserved 1048576K
}
Event: 18111.702 GC heap before
{Heap before GC invocations=1574 (full 66):
 garbage-first heap   total 274432K, used 181721K [0x0000000740000000, 0x0000000800000000)
  region size 1024K, 60 young (61440K), 1 survivors (1024K)
 Metaspace       used 108298K, capacity 109655K, committed 113872K, reserved 1146880K
  class space    used 14495K, capacity 15017K, committed 16512K, reserved 1048576K
}
Event: 18111.705 GC heap after
{Heap after GC invocations=1575 (full 66):
 garbage-first heap   total 274432K, used 121565K [0x0000000740000000, 0x0000000800000000)
  region size 1024K, 1 young (1024K), 1 survivors (1024K)
 Metaspace       used 108298K, capacity 109655K, committed 113872K, reserved 1146880K
  class space    used 14495K, capacity 15017K, committed 16512K, reserved 1048576K
}

